            --------------------------------------------------------
                             AMBER SQM VERSION 19
 
                                     By
              Ross C. Walker, Michael F. Crowley, Scott Brozell,
                         Tim Giese, Andreas W. Goetz,
                        Tai-Sung Lee and David A. Case
 
            --------------------------------------------------------
 

--------------------------------------------------------------------------------
  QM CALCULATION INFO
--------------------------------------------------------------------------------

| QMMM: Citation for AMBER QMMM Run:
| QMMM: R.C. Walker, M.F. Crowley and D.A. Case, J. COMP. CHEM. 29:1019, 2008

QMMM: SINGLET STATE CALCULATION
QMMM: RHF CALCULATION, NO. OF DOUBLY OCCUPIED LEVELS = 66

| QMMM: *** Selected Hamiltonian *** 
| QMMM: AM1         

| QMMM: *** Parameter sets in use ***
| QMMM: C : M.J.S.DEWAR et al. JACS, 107, 3902, (1985)
| QMMM: N : M.J.S.DEWAR et al. JACS, 107, 3902, (1985)
| QMMM: O : M.J.S.DEWAR et al. JACS, 107, 3902, (1985)
| QMMM: H : M.J.S.DEWAR et al. JACS, 107, 3902, (1985)

| QMMM: *** SCF convergence criteria ***
| QMMM: Energy change                :  0.1D-09 kcal/mol
| QMMM: Error matrix |FP-PF|         :  0.1D+00 au
| QMMM: Density matrix change        :  0.5D-06
| QMMM: Maximum number of SCF cycles :     1000

| QMMM: *** Diagonalization Routine Information ***
| QMMM: Pseudo diagonalizations are allowed.
| QMMM: Auto diagonalization routine selection is in use.
| QMMM:
| QMMM: Timing diagonalization routines:
| QMMM:                              norbs =      129
| QMMM:    diag iterations used for timing =       10
| QMMM:
| QMMM:              Internal diag routine = 0.094113 seconds
| QMMM:                 Dspev diag routine = 0.141284 seconds
| QMMM:                Dspevd diag routine = 0.059643 seconds
| QMMM:                Dspevx diag routine = 0.270137 seconds
| QMMM:                 Dsyev diag routine = 0.089843 seconds
| QMMM:                Dsyevd diag routine = 0.036332 seconds
| QMMM:                Dsyevr diag routine = 0.081320 seconds
| QMMM:
| QMMM:                Pseudo diag routine = 0.036847 seconds
| QMMM: Pseudo diagonalization appears to be slower than regular
| QMMM: diagonalization. Setting pseudo_diag=0 for optimum performance.
| QMMM:
| QMMM: Using dsyevd routine (diag_routine=6).

  QMMM: QM Region Cartesian Coordinates (*=link atom) 
  QMMM: QM_NO.   MM_NO.  ATOM         X         Y         Z
  QMMM:     1        1      C        0.9390    0.5380    0.6980
  QMMM:     2        2      C        3.7240   -0.3770    0.5550
  QMMM:     3        3      C        5.6820    1.1680    0.7600
  QMMM:     4        4      C        7.8410    0.5670   -0.0840
  QMMM:     5        5      C       -3.7910    0.6640   -0.0340
  QMMM:     6        6      C       -3.9080    1.6480    0.9390
  QMMM:     7        7      C       -4.9780    2.5220    0.9110
  QMMM:     8        8      C       -5.8190    1.4370   -1.0540
  QMMM:     9        9      C       -2.9060   -1.5270    0.2420
  QMMM:    10       10      C       -4.3080   -2.0630    0.3740
  QMMM:    11       11      C       -4.2550   -3.5350    0.7880
  QMMM:    12       12      C       -1.3510    0.2800   -0.2620
  QMMM:    13       13      C       -0.7320   -0.4880   -1.4330
  QMMM:    14       14      C        0.7040   -0.0060   -1.6510
  QMMM:    15       15      C       -0.4900    0.0720    0.9870
  QMMM:    16       16      C        2.9030    0.0960   -0.6460
  QMMM:    17       17      C        5.1770   -0.0460    0.3330
  QMMM:    18       18      C        7.0140    1.4740    0.5510
  QMMM:    19       19      C        7.3380   -0.6520   -0.5010
  QMMM:    20       20      C        6.0050   -0.9560   -0.2970
  QMMM:    21       21      C       -5.9320    2.4160   -0.0850
  QMMM:    22       22      C       -4.7510    0.5610   -1.0320
  QMMM:    23       23      N       -2.7060   -0.2190   -0.0110
  QMMM:    24       24      N        1.4870   -0.2270   -0.4290
  QMMM:    25       25      O       -1.9580   -2.2730    0.3630
  QMMM:    26       26      H        0.9310    1.5790    0.4520
  QMMM:    27       27      H        1.5470    0.3800    1.5640
  QMMM:    28       28      H        3.3770    0.1150    1.4400
  QMMM:    29       29      H        3.6130   -1.4350    0.6680
  QMMM:    30       30      H        5.0650    1.8460    1.2350
  QMMM:    31       31      H        8.8330    0.7990   -0.2470
  QMMM:    32       32      H       -3.1960    1.7260    1.6820
  QMMM:    33       33      H       -5.0650    3.2540    1.6330
  QMMM:    34       34      H       -6.5330    1.3600   -1.7950
  QMMM:    35       35      H       -4.8130   -1.9750   -0.5650
  QMMM:    36       36      H       -4.8350   -1.5020    1.1170
  QMMM:    37       37      H       -3.7280   -4.0960    0.0450
  QMMM:    38       38      H       -5.2510   -3.9150    0.8820
  QMMM:    39       39      H       -3.7490   -3.6230    1.7270
  QMMM:    40       40      H       -1.3960    1.3230   -0.4990
  QMMM:    41       41      H       -0.7280   -1.5350   -1.2120
  QMMM:    42       42      H       -1.3070   -0.3150   -2.3190
  QMMM:    43       43      H        1.1440   -0.5510   -2.4600
  QMMM:    44       44      H        0.6970    1.0380   -1.8850
  QMMM:    45       45      H       -0.8940    0.6400    1.7990
  QMMM:    46       46      H       -0.4830   -0.9650    1.2500
  QMMM:    47       47      H        3.2490   -0.3960   -1.5310
  QMMM:    48       48      H        3.0140    1.1540   -0.7590
  QMMM:    49       49      H        7.3910    2.3800    0.8690
  QMMM:    50       50      H        7.9580   -1.3350   -0.9650
  QMMM:    51       51      H        5.6280   -1.8630   -0.6150
  QMMM:    52       52      H       -6.7300    3.0700   -0.1050
  QMMM:    53       53      H       -4.6670   -0.1690   -1.7560
  QMMM:    54       54      H        1.4230   -1.2170   -0.1930

--------------------------------------------------------------------------------
  RESULTS
--------------------------------------------------------------------------------

      iter         sqm energy              rms gradient
      ----    -------------------    -----------------------
xmin    10      148.7614 kcal/mol        1.0076 kcal/(mol*A)
xmin    20      148.5140 kcal/mol        0.1939 kcal/(mol*A)
xmin    30      148.3905 kcal/mol        0.1810 kcal/(mol*A)
xmin    40      148.3856 kcal/mol        0.0302 kcal/(mol*A)
xmin    50      148.3818 kcal/mol        0.0174 kcal/(mol*A)
xmin    60      148.3811 kcal/mol        0.0122 kcal/(mol*A)
xmin    70      148.3804 kcal/mol        0.0148 kcal/(mol*A)
xmin    80      148.3803 kcal/mol        0.0067 kcal/(mol*A)
xmin    90      148.3802 kcal/mol        0.0154 kcal/(mol*A)
xmin   100      148.3801 kcal/mol        0.0146 kcal/(mol*A)
xmin   110      148.3798 kcal/mol        0.0110 kcal/(mol*A)
xmin   120      148.3797 kcal/mol        0.0078 kcal/(mol*A)
xmin   130      148.3795 kcal/mol        0.0039 kcal/(mol*A)
xmin   140      148.3792 kcal/mol        0.0094 kcal/(mol*A)
xmin   150      148.3790 kcal/mol        0.0038 kcal/(mol*A)
xmin   160      148.3790 kcal/mol        0.0032 kcal/(mol*A)
xmin   170      148.3789 kcal/mol        0.0059 kcal/(mol*A)
xmin   180      148.3789 kcal/mol        0.0053 kcal/(mol*A)
xmin   190      148.3787 kcal/mol        0.0030 kcal/(mol*A)
xmin   200      148.3787 kcal/mol        0.0033 kcal/(mol*A)
xmin   210      148.3787 kcal/mol        0.0027 kcal/(mol*A)
xmin   220      148.3787 kcal/mol        0.0107 kcal/(mol*A)
xmin   230      148.3786 kcal/mol        0.0040 kcal/(mol*A)
xmin   240      148.3784 kcal/mol        0.0034 kcal/(mol*A)
xmin   250      148.3783 kcal/mol        0.0076 kcal/(mol*A)
xmin   260      148.3783 kcal/mol        0.0014 kcal/(mol*A)
xmin   270      148.3782 kcal/mol        0.0043 kcal/(mol*A)
xmin   280      148.3782 kcal/mol        0.0028 kcal/(mol*A)
xmin   290      148.3782 kcal/mol        0.0049 kcal/(mol*A)
xmin   300      148.3781 kcal/mol        0.0046 kcal/(mol*A)
xmin   310      148.3780 kcal/mol        0.0046 kcal/(mol*A)
xmin   320      148.3795 kcal/mol        0.0956 kcal/(mol*A)
xmin   330      148.3804 kcal/mol        0.1752 kcal/(mol*A)
xmin   340      148.3780 kcal/mol        0.0018 kcal/(mol*A)
xmin   350      148.3780 kcal/mol        0.0030 kcal/(mol*A)
xmin   360      148.3779 kcal/mol        0.0042 kcal/(mol*A)
xmin   370      148.3779 kcal/mol        0.0016 kcal/(mol*A)
xmin   380      148.3779 kcal/mol        0.0031 kcal/(mol*A)
xmin   390      148.3779 kcal/mol        0.0020 kcal/(mol*A)
  ... geometry converged !
 
 Final MO eigenvalues (eV):
 -45.7784  -43.3356  -42.3258  -41.3991  -39.7203  -37.9539  -36.6095  -36.1550
 -35.5016  -34.0891  -34.0106  -32.9067  -32.1099  -29.7496  -28.6530  -27.9418
 -27.6301  -25.9563  -25.7627  -25.7002  -25.5005  -24.5933  -23.0839  -22.0547
 -21.7291  -21.0833  -21.0169  -20.2418  -19.9930  -19.5379  -19.4316  -19.2615
 -18.7923  -18.6244  -18.4872  -18.0045  -17.9819  -17.9090  -17.7393  -17.4975
 -17.4141  -17.3722  -16.8245  -16.7963  -16.7405  -16.6380  -16.4300  -16.2768
 -15.9341  -15.9092  -15.7877  -15.5601  -15.5404  -15.2954  -14.9570  -14.7018
 -14.6425  -14.5545  -14.4700  -14.0696  -13.4246  -12.8800  -12.3018  -12.2631
 -12.2580  -11.9625   -3.5032   -2.3643   -2.2756   -2.0661   -2.0173   -1.4789
  -1.4260   -1.3365   -1.3127   -1.0881   -0.6061   -0.5778   -0.3576   -0.2655
  -0.2055   -0.1776   -0.0857   -0.0393    0.0446    0.1986    0.3204    0.3428
   0.5022    0.5175    0.5747    0.7719    0.8736    0.9713    1.0213    1.1103
   1.2900    1.3196    1.3262    1.3977    1.4254    1.4910    1.6574    1.7106
   1.7532    1.8568    1.9383    1.9547    1.9716    2.0001    2.0700    2.2570
   2.3920    2.4929    2.5464    2.5658    2.7000    2.7295    2.8377    2.9277
   2.9590    2.9963    3.0714    3.1375    3.1938    3.3195    3.4589    3.6857
   4.2987

 Heat of formation   =        148.37787851 kcal/mol  (        6.43414763 eV)

 Total SCF energy    =     -90949.24372276 kcal/mol  (    -3943.85515471 eV)
 Electronic energy   =    -727358.21307441 kcal/mol  (   -31540.61892695 eV)
 Core-core repulsion =     636408.96935165 kcal/mol  (    27596.76377224 eV)
 
    Atomic Charges for Step       1 :
  Atom    Element       Mulliken Charge
     1      C                 -0.119
     2      C                 -0.131
     3      C                 -0.116
     4      C                 -0.101
     5      C                  0.018
     6      C                 -0.137
     7      C                 -0.116
     8      C                 -0.116
     9      C                  0.324
    10      C                 -0.169
    11      C                 -0.209
    12      C                  0.055
    13      C                 -0.215
    14      C                 -0.118
    15      C                 -0.217
    16      C                 -0.131
    17      C                 -0.121
    18      C                 -0.118
    19      C                 -0.118
    20      C                 -0.119
    21      C                 -0.110
    22      C                 -0.131
    23      N                 -0.313
    24      N                 -0.009
    25      O                 -0.387
    26      H                  0.135
    27      H                  0.140
    28      H                  0.106
    29      H                  0.108
    30      H                  0.131
    31      H                  0.152
    32      H                  0.135
    33      H                  0.148
    34      H                  0.150
    35      H                  0.116
    36      H                  0.119
    37      H                  0.092
    38      H                  0.092
    39      H                  0.092
    40      H                  0.110
    41      H                  0.145
    42      H                  0.139
    43      H                  0.139
    44      H                  0.136
    45      H                  0.135
    46      H                  0.145
    47      H                  0.143
    48      H                  0.143
    49      H                  0.150
    50      H                  0.150
    51      H                  0.131
    52      H                  0.152
    53      H                  0.142
    54      H                  0.248
 Total Mulliken Charge =       1.000
 
                  X        Y        Z     TOTAL  
  QM DIPOLE     4.038    2.345   -1.640    4.950
 
 Final Structure

  QMMM: QM Region Cartesian Coordinates (*=link atom) 
  QMMM: QM_NO.   MM_NO.  ATOM         X         Y         Z
  QMMM:     1        1      C        0.8715    0.4344    0.8880
  QMMM:     2        2      C        3.9076   -0.4149    0.6189
  QMMM:     3        3      C        5.8461    1.1558    0.8308
  QMMM:     4        4      C        7.9212    0.7378   -0.3360
  QMMM:     5        5      C       -3.8072    0.6166   -0.1191
  QMMM:     6        6      C       -3.9976    1.5935    0.8798
  QMMM:     7        7      C       -5.0118    2.5384    0.7469
  QMMM:     8        8      C       -5.6628    1.5657   -1.3628
  QMMM:     9        9      C       -3.0345   -1.6817    0.3258
  QMMM:    10       10      C       -4.4736   -2.0926    0.5483
  QMMM:    11       11      C       -4.5792   -3.5601    0.8733
  QMMM:    12       12      C       -1.4043    0.1262   -0.1677
  QMMM:    13       13      C       -0.6942   -0.5602   -1.3514
  QMMM:    14       14      C        0.7364   -0.0710   -1.5016
  QMMM:    15       15      C       -0.5536   -0.0451    1.1068
  QMMM:    16       16      C        2.9538    0.1517   -0.4341
  QMMM:    17       17      C        5.2974   -0.0061    0.2766
  QMMM:    18       18      C        7.1548    1.5254    0.5238
  QMMM:    19       19      C        7.3779   -0.4234   -0.8874
  QMMM:    20       20      C        6.0699   -0.7961   -0.5827
  QMMM:    21       21      C       -5.8461    2.5278   -0.3703
  QMMM:    22       22      C       -4.6513    0.6151   -1.2487
  QMMM:    23       23      N       -2.7652   -0.3461    0.0054
  QMMM:    24       24      N        1.5343   -0.2838   -0.2491
  QMMM:    25       25      O       -2.0808   -2.4812    0.4196
  QMMM:    26       26      H        0.8854    1.5366    0.6533
  QMMM:    27       27      H        1.4837    0.2542    1.8173
  QMMM:    28       28      H        3.6367   -0.0310    1.6387
  QMMM:    29       29      H        3.8374   -1.5361    0.6457
  QMMM:    30       30      H        5.2511    1.7743    1.5192
  QMMM:    31       31      H        8.9560    1.0293   -0.5749
  QMMM:    32       32      H       -3.3514    1.6124    1.7708
  QMMM:    33       33      H       -5.1563    3.2949    1.5342
  QMMM:    34       34      H       -6.3211    1.5540   -2.2459
  QMMM:    35       35      H       -5.0658   -1.8566   -0.3770
  QMMM:    36       36      H       -4.8981   -1.4781    1.3875
  QMMM:    37       37      H       -4.1688   -4.1792    0.0393
  QMMM:    38       38      H       -5.6502   -3.8331    1.0340
  QMMM:    39       39      H       -4.0015   -3.8015    1.7982
  QMMM:    40       40      H       -1.4574    1.2353   -0.3956
  QMMM:    41       41      H       -0.7179   -1.6764   -1.2167
  QMMM:    42       42      H       -1.2338   -0.3232   -2.3073
  QMMM:    43       43      H        1.2430   -0.6310   -2.3390
  QMMM:    44       44      H        0.7585    1.0306   -1.7372
  QMMM:    45       45      H       -0.9928    0.5660    1.9404
  QMMM:    46       46      H       -0.5637   -1.1210    1.4336
  QMMM:    47       47      H        3.2898   -0.1936   -1.4551
  QMMM:    48       48      H        2.9815    1.2778   -0.4115
  QMMM:    49       49      H        7.5847    2.4377    0.9656
  QMMM:    50       50      H        7.9842   -1.0501   -1.5597
  QMMM:    51       51      H        5.6511   -1.7196   -1.0094
  QMMM:    52       52      H       -6.6485    3.2755   -0.4674
  QMMM:    53       53      H       -4.5224   -0.1376   -2.0421
  QMMM:    54       54      H        1.5219   -1.2908   -0.0329

           --------- Calculation Completed ----------

